01:34:32 **** Incremental Build of configuration Debug for project Control ****
make all 
Building file: ../Control_App.c
Invoking: AVR Compiler
avr-gcc -Wall -g2 -gstabs -O0 -fpack-struct -fshort-enums -ffunction-sections -fdata-sections -std=gnu99 -funsigned-char -funsigned-bitfields -mmcu=atmega32 -DF_CPU=8000000UL -MMD -MP -MF"Control_App.d" -MT"Control_App.o" -c -o "Control_App.o" "../Control_App.c"
In file included from ../Control_App.c:6:
../uart.h:84:7: warning: extra tokens at end of #endif directive
In file included from ../Control_App.c:14:
c:/winavr-20100110/lib/gcc/../../avr/include/util/delay.h:90:3: warning: #warning "Compiler optimizations disabled; functions from <util/delay.h> won't work as designed"
Finished building: ../Control_App.c
 
Building target: Control.elf
Invoking: AVR C Linker
avr-gcc -Wl,-Map,Control.map -mmcu=atmega32 -o "Control.elf"  ./Buzzer.o ./Control_App.o ./Motor.o ./PIR.o ./PWM.o ./external_eeprom.o ./gpio.o ./lcd.o ./timer.o ./twi.o ./uart.o   
Finished building target: Control.elf
 
Invoking: AVR Create Extended Listing
avr-objdump -h -S Control.elf  >"Control.lss"
Finished building: Control.lss
 
Invoking: Print Size
avr-size --format=avr --mcu=atmega32 Control.elf
AVR Memory Usage
----------------
Device: atmega32

Program:   12682 bytes (38.7% Full)
(.text + .data + .bootloader)

Data:         43 bytes (2.1% Full)
(.data + .bss + .noinit)


Finished building: sizedummy
 

01:34:33 Build Finished. 0 errors, 2 warnings. (took 604ms)

